  源.cpp
F:\ViualStudio-code\Multfunc\Project1\源.cpp(107,24): warning C4244: “return”: 从“double”转换到“float”，可能丢失数据
F:\ViualStudio-code\Multfunc\Project1\源.cpp(127,13): warning C4244: “return”: 从“double”转换到“float”，可能丢失数据
F:\ViualStudio-code\Multfunc\Project1\源.cpp(138,12): warning C4305: “初始化”: 从“double”到“float”截断
F:\ViualStudio-code\Multfunc\Project1\源.cpp(156,11): warning C4244: “初始化”: 从“double”转换到“float”，可能丢失数据
F:\ViualStudio-code\Multfunc\Project1\源.cpp(157,11): warning C4244: “初始化”: 从“double”转换到“float”，可能丢失数据
F:\ViualStudio-code\Multfunc\Project1\源.cpp(167,268): warning C4305: “初始化”: 从“double”到“float”截断
F:\ViualStudio-code\Multfunc\Project1\源.cpp(167,286): warning C4244: “初始化”: 从“double”转换到“float”，可能丢失数据
F:\ViualStudio-code\Multfunc\Project1\源.cpp(167,334): warning C4244: “初始化”: 从“double”转换到“float”，可能丢失数据
F:\ViualStudio-code\Multfunc\Project1\源.cpp(176,14): warning C4305: “参数”: 从“double”到“float”截断
F:\ViualStudio-code\Multfunc\Project1\源.cpp(177,20): warning C4305: “参数”: 从“double”到“float”截断
F:\ViualStudio-code\Multfunc\Project1\源.cpp(177,15): warning C4305: “参数”: 从“double”到“float”截断
F:\ViualStudio-code\Multfunc\Project1\源.cpp(178,20): warning C4305: “参数”: 从“double”到“float”截断
F:\ViualStudio-code\Multfunc\Project1\源.cpp(178,15): warning C4305: “参数”: 从“double”到“float”截断
F:\ViualStudio-code\Multfunc\Project1\源.cpp(179,20): warning C4305: “参数”: 从“double”到“float”截断
F:\ViualStudio-code\Multfunc\Project1\源.cpp(179,15): warning C4305: “参数”: 从“double”到“float”截断
F:\ViualStudio-code\Multfunc\Project1\源.cpp(180,20): warning C4305: “参数”: 从“double”到“float”截断
F:\ViualStudio-code\Multfunc\Project1\源.cpp(180,15): warning C4305: “参数”: 从“double”到“float”截断
F:\ViualStudio-code\Multfunc\Project1\源.cpp(181,21): warning C4305: “参数”: 从“double”到“float”截断
F:\ViualStudio-code\Multfunc\Project1\源.cpp(181,16): warning C4305: “参数”: 从“double”到“float”截断
F:\ViualStudio-code\Multfunc\Project1\源.cpp(182,21): warning C4305: “参数”: 从“double”到“float”截断
F:\ViualStudio-code\Multfunc\Project1\源.cpp(182,16): warning C4305: “参数”: 从“double”到“float”截断
F:\ViualStudio-code\Multfunc\Project1\源.cpp(183,21): warning C4305: “参数”: 从“double”到“float”截断
F:\ViualStudio-code\Multfunc\Project1\源.cpp(183,16): warning C4305: “参数”: 从“double”到“float”截断
F:\ViualStudio-code\Multfunc\Project1\源.cpp(184,10): warning C4305: “初始化”: 从“double”到“float”截断
F:\ViualStudio-code\Multfunc\Project1\源.cpp(185,26): warning C4305: “参数”: 从“double”到“float”截断
F:\ViualStudio-code\Multfunc\Project1\源.cpp(185,21): warning C4305: “参数”: 从“double”到“float”截断
F:\ViualStudio-code\Multfunc\Project1\源.cpp(185,16): warning C4305: “参数”: 从“double”到“float”截断
F:\ViualStudio-code\Multfunc\Project1\源.cpp(186,45): warning C4305: “参数”: 从“double”到“float”截断
F:\ViualStudio-code\Multfunc\Project1\源.cpp(186,40): warning C4305: “参数”: 从“double”到“float”截断
F:\ViualStudio-code\Multfunc\Project1\源.cpp(186,35): warning C4305: “参数”: 从“double”到“float”截断
F:\ViualStudio-code\Multfunc\Project1\源.cpp(186,30): warning C4305: “参数”: 从“double”到“float”截断
F:\ViualStudio-code\Multfunc\Project1\源.cpp(186,25): warning C4305: “参数”: 从“double”到“float”截断
F:\ViualStudio-code\Multfunc\Project1\源.cpp(186,20): warning C4305: “参数”: 从“double”到“float”截断
F:\ViualStudio-code\Multfunc\Project1\源.cpp(187,57): warning C4305: “参数”: 从“double”到“float”截断
F:\ViualStudio-code\Multfunc\Project1\源.cpp(187,52): warning C4305: “参数”: 从“double”到“float”截断
F:\ViualStudio-code\Multfunc\Project1\源.cpp(187,47): warning C4305: “参数”: 从“double”到“float”截断
F:\ViualStudio-code\Multfunc\Project1\源.cpp(187,42): warning C4305: “参数”: 从“double”到“float”截断
F:\ViualStudio-code\Multfunc\Project1\源.cpp(187,37): warning C4305: “参数”: 从“double”到“float”截断
F:\ViualStudio-code\Multfunc\Project1\源.cpp(187,32): warning C4305: “参数”: 从“double”到“float”截断
F:\ViualStudio-code\Multfunc\Project1\源.cpp(187,27): warning C4305: “参数”: 从“double”到“float”截断
F:\ViualStudio-code\Multfunc\Project1\源.cpp(187,22): warning C4305: “参数”: 从“double”到“float”截断
F:\ViualStudio-code\Multfunc\Project1\源.cpp(52): warning C4172: 返回局部变量或临时变量的地址: answer
F:\ViualStudio-code\Multfunc\Project1\源.cpp(51): warning C4172: 返回局部变量或临时变量的地址: answer
F:\ViualStudio-code\Multfunc\Project1\源.cpp(68): warning C4172: 返回局部变量或临时变量的地址: answer
F:\ViualStudio-code\Multfunc\Project1\源.cpp(69): warning C4172: 返回局部变量或临时变量的地址: answer
  Project1.vcxproj -> F:\ViualStudio-code\Multfunc\Project1\x64\Debug\Project1.exe
